2013-09-11 16:34:12.567 BinaryCom[8751:c07] Multi-tasking -> Device: YES, App: YES
2013-09-11 16:34:13.019 BinaryCom[8751:c07] Resetting plugins due to page load.
2013-09-11 16:34:13.502 BinaryCom[8751:c07] Finished load of: file:///Users/a/Library/Application%20Support/iPhone%20Simulator/6.1/Applications/8EEE9814-CABB-4BAD-BC3E-EFE10BE3453E/BinaryCom.app/www/index.html
2013-09-11 17:10:05.960 BinaryCom[12566:c07] Multi-tasking -> Device: YES, App: YES
2013-09-11 17:10:06.644 BinaryCom[12566:c07] Resetting plugins due to page load.
2013-09-11 17:10:06.732 BinaryCom[12566:c07] Finished load of: file:///Users/a/Library/Application%20Support/iPhone%20Simulator/6.1/Applications/8EEE9814-CABB-4BAD-BC3E-EFE10BE3453E/BinaryCom.app/www/index.html
Terminating in response to SpringBoard's termination.
2013-09-12 14:20:15.452 BinaryCom[38278:c07] Multi-tasking -> Device: YES, App: YES
2013-09-12 14:20:15.597 BinaryCom[38278:c07] Resetting plugins due to page load.
2013-09-12 14:20:16.014 BinaryCom[38278:c07] Finished load of: file:///Users/a/Library/Application%20Support/iPhone%20Simulator/6.1/Applications/8EEE9814-CABB-4BAD-BC3E-EFE10BE3453E/BinaryCom.app/www/index.html
2013-09-12 14:23:37.734 BinaryCom[39235:c07] Multi-tasking -> Device: YES, App: YES
2013-09-12 14:23:37.770 BinaryCom[39235:c07] Resetting plugins due to page load.
2013-09-12 14:23:37.833 BinaryCom[39235:c07] Finished load of: file:///Users/a/Library/Application%20Support/iPhone%20Simulator/6.1/Applications/8EEE9814-CABB-4BAD-BC3E-EFE10BE3453E/BinaryCom.app/www/index.html
2013-09-13 15:48:52.276 BinaryCom[76378:c07] Multi-tasking -> Device: YES, App: YES
2013-09-13 15:48:52.617 BinaryCom[76378:c07] Resetting plugins due to page load.
2013-09-13 15:48:52.851 BinaryCom[76378:c07] Finished load of: file:///Users/a/Library/Application%20Support/iPhone%20Simulator/6.1/Applications/8EEE9814-CABB-4BAD-BC3E-EFE10BE3453E/BinaryCom.app/www/index.html
2013-09-13 15:52:47.929 BinaryCom[77416:c07] Multi-tasking -> Device: YES, App: YES
2013-09-13 15:52:47.965 BinaryCom[77416:c07] Resetting plugins due to page load.
2013-09-13 15:52:48.099 BinaryCom[77416:c07] Finished load of: file:///Users/a/Library/Application%20Support/iPhone%20Simulator/6.1/Applications/8EEE9814-CABB-4BAD-BC3E-EFE10BE3453E/BinaryCom.app/www/index.html
2013-09-13 15:54:29.137 BinaryCom[78285:c07] Multi-tasking -> Device: YES, App: YES
2013-09-13 15:54:29.333 BinaryCom[78285:c07] Resetting plugins due to page load.
2013-09-13 15:54:29.421 BinaryCom[78285:c07] Finished load of: file:///Users/a/Library/Application%20Support/iPhone%20Simulator/6.1/Applications/8EEE9814-CABB-4BAD-BC3E-EFE10BE3453E/BinaryCom.app/www/index.html
2013-09-13 15:57:34.811 BinaryCom[79259:c07] Multi-tasking -> Device: YES, App: YES
2013-09-13 15:57:34.854 BinaryCom[79259:c07] Resetting plugins due to page load.
2013-09-13 15:57:34.946 BinaryCom[79259:c07] Finished load of: file:///Users/a/Library/Application%20Support/iPhone%20Simulator/6.1/Applications/8EEE9814-CABB-4BAD-BC3E-EFE10BE3453E/BinaryCom.app/www/index.html
2013-09-13 16:01:19.951 BinaryCom[80257:c07] Multi-tasking -> Device: YES, App: YES
2013-09-13 16:01:20.151 BinaryCom[80257:c07] Resetting plugins due to page load.
2013-09-13 16:01:20.273 BinaryCom[80257:c07] Finished load of: file:///Users/a/Library/Application%20Support/iPhone%20Simulator/6.1/Applications/8EEE9814-CABB-4BAD-BC3E-EFE10BE3453E/BinaryCom.app/www/index.html
Terminating in response to SpringBoard's termination.
2013-09-13 16:40:30.698 BinaryCom[84365:c07] Multi-tasking -> Device: YES, App: YES
2013-09-13 16:40:30.797 BinaryCom[84365:c07] Resetting plugins due to page load.
2013-09-13 16:40:30.905 BinaryCom[84365:c07] Finished load of: file:///Users/a/Library/Application%20Support/iPhone%20Simulator/6.1/Applications/8EEE9814-CABB-4BAD-BC3E-EFE10BE3453E/BinaryCom.app/www/index.html
2013-09-13 17:12:51.312 BinaryCom[87988:c07] Multi-tasking -> Device: YES, App: YES
2013-09-13 17:12:51.346 BinaryCom[87988:c07] Resetting plugins due to page load.
2013-09-13 17:12:51.447 BinaryCom[87988:c07] Finished load of: file:///Users/a/Library/Application%20Support/iPhone%20Simulator/6.1/Applications/8EEE9814-CABB-4BAD-BC3E-EFE10BE3453E/BinaryCom.app/www/index.html
Terminating in response to SpringBoard's termination.
2013-09-19 17:15:43.996 BinaryCom[1301:c07] Multi-tasking -> Device: YES, App: YES
2013-09-19 17:15:44.440 BinaryCom[1301:c07] Resetting plugins due to page load.
2013-09-19 17:15:44.679 BinaryCom[1301:c07] Finished load of: file:///Users/a/Library/Application%20Support/iPhone%20Simulator/6.1/Applications/8EEE9814-CABB-4BAD-BC3E-EFE10BE3453E/BinaryCom.app/www/index.html
Terminating in response to SpringBoard's termination.
2013-09-19 17:17:50.777 BinaryCom[2240:c07] Multi-tasking -> Device: YES, App: YES
2013-09-19 17:17:50.808 BinaryCom[2240:c07] Resetting plugins due to page load.
2013-09-19 17:17:50.892 BinaryCom[2240:c07] Finished load of: file:///Users/a/Library/Application%20Support/iPhone%20Simulator/6.1/Applications/8EEE9814-CABB-4BAD-BC3E-EFE10BE3453E/BinaryCom.app/www/index.html
Terminating in response to SpringBoard's termination.
2013-09-23 13:54:48.449 BinaryCom[1385:c07] Multi-tasking -> Device: YES, App: YES
2013-09-23 13:54:48.800 BinaryCom[1385:c07] Resetting plugins due to page load.
2013-09-23 13:54:48.984 BinaryCom[1385:c07] Finished load of: file:///i/Library/Application%20Support/iPhone%20Simulator/6.1/Applications/8BDB34BB-2045-456A-B074-98852F94BF5A/BinaryCom.app/www/index.html
Terminating in response to SpringBoard's termination.
2013-09-23 14:00:18.402 BinaryCom[2252:c07] Multi-tasking -> Device: YES, App: YES
2013-09-23 14:00:18.605 BinaryCom[2252:c07] Resetting plugins due to page load.
2013-09-23 14:00:18.689 BinaryCom[2252:c07] Finished load of: file:///i/Library/Application%20Support/iPhone%20Simulator/6.1/Applications/8BDB34BB-2045-456A-B074-98852F94BF5A/BinaryCom.app/www/index.html
Terminating in response to SpringBoard's termination.
2013-09-23 14:29:02.335 BinaryCom[3548:c07] Multi-tasking -> Device: YES, App: YES
2013-09-23 14:29:02.376 BinaryCom[3548:c07] Resetting plugins due to page load.
2013-09-23 14:29:02.465 BinaryCom[3548:c07] Finished load of: file:///i/Library/Application%20Support/iPhone%20Simulator/6.1/Applications/8BDB34BB-2045-456A-B074-98852F94BF5A/BinaryCom.app/www/index.html
Terminating in response to SpringBoard's termination.
2013-09-23 15:35:22.286 BinaryCom[4454:c07] Multi-tasking -> Device: YES, App: YES
2013-09-23 15:35:22.356 BinaryCom[4454:c07] Resetting plugins due to page load.
2013-09-23 15:35:22.455 BinaryCom[4454:c07] Finished load of: file:///i/Library/Application%20Support/iPhone%20Simulator/6.1/Applications/8BDB34BB-2045-456A-B074-98852F94BF5A/BinaryCom.app/www/index.html
2013-09-23 15:38:31.162 BinaryCom[5246:c07] Multi-tasking -> Device: YES, App: YES
2013-09-23 15:38:31.202 BinaryCom[5246:c07] Resetting plugins due to page load.
2013-09-23 15:38:40.805 BinaryCom[5246:c07] Finished load of: file:///i/Library/Application%20Support/iPhone%20Simulator/6.1/Applications/8BDB34BB-2045-456A-B074-98852F94BF5A/BinaryCom.app/www/index.html
Terminating in response to SpringBoard's termination.
2013-09-23 15:41:10.920 BinaryCom[6401:c07] Multi-tasking -> Device: YES, App: YES
2013-09-23 15:41:10.970 BinaryCom[6401:c07] Resetting plugins due to page load.
2013-09-23 15:41:11.054 BinaryCom[6401:c07] Finished load of: file:///i/Library/Application%20Support/iPhone%20Simulator/6.1/Applications/8BDB34BB-2045-456A-B074-98852F94BF5A/BinaryCom.app/www/index.html
Terminating in response to SpringBoard's termination.
2013-09-24 14:53:27.363 BinaryCom[2087:c07] Multi-tasking -> Device: YES, App: YES
2013-09-24 14:53:27.687 BinaryCom[2087:c07] Resetting plugins due to page load.
2013-09-24 14:53:27.904 BinaryCom[2087:c07] Finished load of: file:///i/Library/Application%20Support/iPhone%20Simulator/6.1/Applications/8BDB34BB-2045-456A-B074-98852F94BF5A/BinaryCom.app/www/index.html
